----------------------------------------------------------------
Sun Jun 10 10:06:34 MSK 2018:
Booting Derby version The Apache Software Foundation - Apache Derby - 10.14.2.0 - (1828579): instance a816c00e-0163-e884-9931-000003513b40 
on database directory D:\Documents\eclipse-workspace\eDisc\.derby with class loader sun.misc.Launcher$AppClassLoader@2a139a55 
Loaded from file:/D:/Documents/eclipse-workspace/eDisc/lib/derby.jar
java.vendor=Oracle Corporation
java.runtime.version=1.8.0_171-b11
user.dir=D:\Documents\eclipse-workspace\eDisc
os.name=Windows 10
os.arch=amd64
os.version=10.0
derby.system.home=null
Database Class Loader started - derby.database.classpath=''
----------------------------------------------------------------
Sun Jun 10 10:06:39 MSK 2018:
Shutting down instance a816c00e-0163-e884-9931-000003513b40 on database directory D:\Documents\eclipse-workspace\eDisc\.derby with class loader sun.misc.Launcher$AppClassLoader@2a139a55 
----------------------------------------------------------------
Sun Jun 10 10:06:39 MSK 2018:
Booting Derby version The Apache Software Foundation - Apache Derby - 10.14.2.0 - (1828579): instance 48d7402a-0163-e884-9931-000003513b40 
on database directory D:\Documents\eclipse-workspace\eDisc\.derby with class loader sun.misc.Launcher$AppClassLoader@2a139a55 
Loaded from file:/D:/Documents/eclipse-workspace/eDisc/lib/derby.jar
java.vendor=Oracle Corporation
java.runtime.version=1.8.0_171-b11
user.dir=D:\Documents\eclipse-workspace\eDisc
os.name=Windows 10
os.arch=amd64
os.version=10.0
derby.system.home=null
Database Class Loader started - derby.database.classpath=''
